# JRE version: Java(TM) SE Runtime Environment (8.0_131-b11) (build 1.8.0_131-b11)
# Java VM: Java HotSpot(TM) 64-Bit Server VM (25.131-b11 mixed mode linux-amd64 compressed oops)
Heap:
 PSYoungGen      total 952320K, used 866434K [0x0000000780000000, 0x00000007bf700000, 0x00000007c0000000)
  eden space 868352K, 99% used [0x0000000780000000,0x00000007b4c90ab0,0x00000007b5000000)
  from space 83968K, 1% used [0x00000007b5000000,0x00000007b5190060,0x00000007ba200000)
  to   space 82432K, 0% used [0x00000007ba680000,0x00000007ba680000,0x00000007bf700000)
 ParOldGen       total 295936K, used 66895K [0x0000000700000000, 0x0000000712100000, 0x0000000780000000)
  object space 295936K, 22% used [0x0000000700000000,0x0000000704153ec0,0x0000000712100000)
 Metaspace       used 71641K, capacity 73832K, committed 74112K, reserved 1114112K
  class space    used 9113K, capacity 9544K, committed 9600K, reserved 1048576K
GC Heap History (10 events):
Event: 2068.936 GC heap before
{Heap before GC invocations=39 (full 7):
 PSYoungGen      total 953344K, used 96K [0x0000000780000000, 0x00000007bfd00000, 0x00000007c0000000)
  eden space 862208K, 0% used [0x0000000780000000,0x0000000780000000,0x00000007b4a00000)
  from space 91136K, 0% used [0x00000007ba400000,0x00000007ba418000,0x00000007bfd00000)
  to   space 91648K, 0% used [0x00000007b4a00000,0x00000007b4a00000,0x00000007ba380000)
 ParOldGen       total 295936K, used 57684K [0x0000000700000000, 0x0000000712100000, 0x0000000780000000)
  object space 295936K, 19% used [0x0000000700000000,0x0000000703855258,0x0000000712100000)
 Metaspace       used 70342K, capacity 72284K, committed 72448K, reserved 1112064K
  class space    used 9032K, capacity 9448K, committed 9472K, reserved 1048576K
Event: 2122.629 GC heap after
Heap after GC invocations=39 (full 7):
 PSYoungGen      total 953344K, used 0K [0x0000000780000000, 0x00000007bfd00000, 0x00000007c0000000)
  eden space 862208K, 0% used [0x0000000780000000,0x0000000780000000,0x00000007b4a00000)
  from space 91136K, 0% used [0x00000007ba400000,0x00000007ba400000,0x00000007bfd00000)
  to   space 91648K, 0% used [0x00000007b4a00000,0x00000007b4a00000,0x00000007ba380000)
 ParOldGen       total 295936K, used 43889K [0x0000000700000000, 0x0000000712100000, 0x0000000780000000)
  object space 295936K, 14% used [0x0000000700000000,0x0000000702adc448,0x0000000712100000)
 Metaspace       used 70342K, capacity 72284K, committed 72448K, reserved 1112064K
  class space    used 9032K, capacity 9448K, committed 9472K, reserved 1048576K
}
Event: 2537.964 GC heap before
{Heap before GC invocations=40 (full 7):
 PSYoungGen      total 953344K, used 240272K [0x0000000780000000, 0x00000007bfd00000, 0x00000007c0000000)
  eden space 862208K, 27% used [0x0000000780000000,0x000000078eaa40c8,0x00000007b4a00000)
  from space 91136K, 0% used [0x00000007ba400000,0x00000007ba400000,0x00000007bfd00000)
  to   space 91648K, 0% used [0x00000007b4a00000,0x00000007b4a00000,0x00000007ba380000)
 ParOldGen       total 295936K, used 43889K [0x0000000700000000, 0x0000000712100000, 0x0000000780000000)
  object space 295936K, 14% used [0x0000000700000000,0x0000000702adc448,0x0000000712100000)
 Metaspace       used 71093K, capacity 73150K, committed 73344K, reserved 1114112K
  class space    used 9097K, capacity 9517K, committed 9600K, reserved 1048576K
Event: 2538.008 GC heap after
Heap after GC invocations=40 (full 7):
 PSYoungGen      total 864256K, used 1924K [0x0000000780000000, 0x00000007bfa00000, 0x00000007c0000000)
  eden space 862208K, 0% used [0x0000000780000000,0x0000000780000000,0x00000007b4a00000)
  from space 2048K, 93% used [0x00000007b4a00000,0x00000007b4be10a0,0x00000007b4c00000)
  to   space 90112K, 0% used [0x00000007ba200000,0x00000007ba200000,0x00000007bfa00000)
 ParOldGen       total 295936K, used 43897K [0x0000000700000000, 0x0000000712100000, 0x0000000780000000)
  object space 295936K, 14% used [0x0000000700000000,0x0000000702ade448,0x0000000712100000)
 Metaspace       used 71093K, capacity 73150K, committed 73344K, reserved 1114112K
  class space    used 9097K, capacity 9517K, committed 9600K, reserved 1048576K
}
Event: 2538.008 GC heap before
{Heap before GC invocations=41 (full 8):
 PSYoungGen      total 864256K, used 1924K [0x0000000780000000, 0x00000007bfa00000, 0x00000007c0000000)
  eden space 862208K, 0% used [0x0000000780000000,0x0000000780000000,0x00000007b4a00000)
  from space 2048K, 93% used [0x00000007b4a00000,0x00000007b4be10a0,0x00000007b4c00000)
  to   space 90112K, 0% used [0x00000007ba200000,0x00000007ba200000,0x00000007bfa00000)
 ParOldGen       total 295936K, used 43897K [0x0000000700000000, 0x0000000712100000, 0x0000000780000000)
  object space 295936K, 14% used [0x0000000700000000,0x0000000702ade448,0x0000000712100000)
 Metaspace       used 71093K, capacity 73150K, committed 73344K, reserved 1114112K
  class space    used 9097K, capacity 9517K, committed 9600K, reserved 1048576K
Event: 2538.650 GC heap after
Heap after GC invocations=41 (full 8):
 PSYoungGen      total 864256K, used 0K [0x0000000780000000, 0x00000007bfa00000, 0x00000007c0000000)
  eden space 862208K, 0% used [0x0000000780000000,0x0000000780000000,0x00000007b4a00000)
  from space 2048K, 0% used [0x00000007b4a00000,0x00000007b4a00000,0x00000007b4c00000)
  to   space 90112K, 0% used [0x00000007ba200000,0x00000007ba200000,0x00000007bfa00000)
 ParOldGen       total 295936K, used 45308K [0x0000000700000000, 0x0000000712100000, 0x0000000780000000)
  object space 295936K, 15% used [0x0000000700000000,0x0000000702c3f0e0,0x0000000712100000)
 Metaspace       used 71093K, capacity 73150K, committed 73344K, reserved 1114112K
  class space    used 9097K, capacity 9517K, committed 9600K, reserved 1048576K
}
Event: 2719.920 GC heap before
{Heap before GC invocations=42 (full 8):
 PSYoungGen      total 864256K, used 862208K [0x0000000780000000, 0x00000007bfa00000, 0x00000007c0000000)
  eden space 862208K, 100% used [0x0000000780000000,0x00000007b4a00000,0x00000007b4a00000)
  from space 2048K, 0% used [0x00000007b4a00000,0x00000007b4a00000,0x00000007b4c00000)
  to   space 90112K, 0% used [0x00000007ba200000,0x00000007ba200000,0x00000007bfa00000)
 ParOldGen       total 295936K, used 45308K [0x0000000700000000, 0x0000000712100000, 0x0000000780000000)
  object space 295936K, 15% used [0x0000000700000000,0x0000000702c3f0e0,0x0000000712100000)
 Metaspace       used 71433K, capacity 73530K, committed 73600K, reserved 1114112K
  class space    used 9109K, capacity 9537K, committed 9600K, reserved 1048576K
Event: 2720.256 GC heap after
Heap after GC invocations=42 (full 8):
 PSYoungGen      total 958464K, used 24459K [0x0000000780000000, 0x00000007c0000000, 0x00000007c0000000)
  eden space 868352K, 0% used [0x0000000780000000,0x0000000780000000,0x00000007b5000000)
  from space 90112K, 27% used [0x00000007ba200000,0x00000007bb9e2f90,0x00000007bfa00000)
  to   space 83968K, 0% used [0x00000007b5000000,0x00000007b5000000,0x00000007ba200000)
 ParOldGen       total 295936K, used 45316K [0x0000000700000000, 0x0000000712100000, 0x0000000780000000)
  object space 295936K, 15% used [0x0000000700000000,0x0000000702c410e0,0x0000000712100000)
 Metaspace       used 71433K, capacity 73530K, committed 73600K, reserved 1114112K
  class space    used 9109K, capacity 9537K, committed 9600K, reserved 1048576K
}
Event: 2724.806 GC heap before
{Heap before GC invocations=43 (full 8):
 PSYoungGen      total 958464K, used 892811K [0x0000000780000000, 0x00000007c0000000, 0x00000007c0000000)
  eden space 868352K, 100% used [0x0000000780000000,0x00000007b5000000,0x00000007b5000000)
  from space 90112K, 27% used [0x00000007ba200000,0x00000007bb9e2f90,0x00000007bfa00000)
  to   space 83968K, 0% used [0x00000007b5000000,0x00000007b5000000,0x00000007ba200000)
 ParOldGen       total 295936K, used 45316K [0x0000000700000000, 0x0000000712100000, 0x0000000780000000)
  object space 295936K, 15% used [0x0000000700000000,0x0000000702c410e0,0x0000000712100000)
 Metaspace       used 71454K, capacity 73594K, committed 73856K, reserved 1114112K
  class space    used 9109K, capacity 9537K, committed 9600K, reserved 1048576K
Event: 2725.481 GC heap after
Heap after GC invocations=43 (full 8):
 PSYoungGen      total 952320K, used 1600K [0x0000000780000000, 0x00000007bf700000, 0x00000007c0000000)
  eden space 868352K, 0% used [0x0000000780000000,0x0000000780000000,0x00000007b5000000)
  from space 83968K, 1% used [0x00000007b5000000,0x00000007b5190060,0x00000007ba200000)
  to   space 82432K, 0% used [0x00000007ba680000,0x00000007ba680000,0x00000007bf700000)
 ParOldGen       total 295936K, used 66895K [0x0000000700000000, 0x0000000712100000, 0x0000000780000000)
  object space 295936K, 22% used [0x0000000700000000,0x0000000704153ec0,0x0000000712100000)
 Metaspace       used 71454K, capacity 73594K, committed 73856K, reserved 1114112K
  class space    used 9109K, capacity 9537K, committed 9600K, reserved 1048576K
}

